  % Total    % Received % Xferd  Average Speed   Time    Time     Time  Current
                                 Dload  Upload   Total   Spent    Left  Speed
  0     0    0     0    0     0      0      0 --:--:-- --:--:-- --:--:--     0*   Trying 3.145.9.216:80...
* Connected to ec2-3-145-9-216.us-east-2.compute.amazonaws.com (3.145.9.216) port 80 (#0)
  0     0    0     0    0     0      0      0 --:--:-- --:--:-- --:--:--     0> GET / HTTP/1.1
> Host: ec2-3-145-9-216.us-east-2.compute.amazonaws.com
> User-Agent: curl/7.84.0
> Accept: */*
> Cookie: login=eyJ1c2VybmFtZSI6ImF3ZGVvcmlvIn0.Y_JeOA.tbZVdPTZX0smayDqBZWc2yoyqFk
> 
* Mark bundle as not supporting multiuse
< HTTP/1.1 200 OK
< Server: nginx/1.18.0 (Ubuntu)
< Date: Sun, 19 Feb 2023 17:37:52 GMT
< Content-Type: text/html; charset=utf-8
< Content-Length: 4091
< Connection: keep-alive
< Vary: Cookie
< 
{ [1861 bytes data]
100  4091  100  4091    0     0  28958      0 --:--:-- --:--:-- --:--:-- 30992
* Connection #0 to host ec2-3-145-9-216.us-east-2.compute.amazonaws.com left intact
